[0.768s] Invoking command in '/home/tsubo/robosys2023_ROS2/src/mypkg': PYTHONPATH=/home/tsubo/robosys2023_ROS2/build/mypkg/prefix_override:/home/tsubo/robosys2023_ROS2/install/mypkg/lib/python3.8/site-packages:${PYTHONPATH} /usr/bin/python3 setup.py egg_info --egg-base ../../build/mypkg build --build-base /home/tsubo/robosys2023_ROS2/build/mypkg/build install --record /home/tsubo/robosys2023_ROS2/build/mypkg/install.log --install-scripts $base/lib/mypkg --single-version-externally-managed
[0.898s] running egg_info
[0.899s] writing ../../build/mypkg/mypkg.egg-info/PKG-INFO
[0.899s] writing dependency_links to ../../build/mypkg/mypkg.egg-info/dependency_links.txt
[0.899s] writing entry points to ../../build/mypkg/mypkg.egg-info/entry_points.txt
[0.899s] writing requirements to ../../build/mypkg/mypkg.egg-info/requires.txt
[0.899s] writing top-level names to ../../build/mypkg/mypkg.egg-info/top_level.txt
[0.923s] reading manifest file '../../build/mypkg/mypkg.egg-info/SOURCES.txt'
[0.924s] writing manifest file '../../build/mypkg/mypkg.egg-info/SOURCES.txt'
[0.925s] running build
[0.925s] running build_py
[0.925s] running install
[0.925s] running install_lib
[0.926s] running install_data
[0.926s] copying launch/talk_listen.launch.py -> /home/tsubo/robosys2023_ROS2/install/mypkg/share/mypkg
[0.926s] running install_egg_info
[0.928s] removing '/home/tsubo/robosys2023_ROS2/install/mypkg/lib/python3.8/site-packages/mypkg-0.0.0-py3.8.egg-info' (and everything under it)
[0.928s] Copying ../../build/mypkg/mypkg.egg-info to /home/tsubo/robosys2023_ROS2/install/mypkg/lib/python3.8/site-packages/mypkg-0.0.0-py3.8.egg-info
[0.929s] running install_scripts
[0.941s] Installing listener script to /home/tsubo/robosys2023_ROS2/install/mypkg/lib/mypkg
[0.941s] Installing talker script to /home/tsubo/robosys2023_ROS2/install/mypkg/lib/mypkg
[0.941s] writing list of installed files to '/home/tsubo/robosys2023_ROS2/build/mypkg/install.log'
[0.958s] Invoked command in '/home/tsubo/robosys2023_ROS2/src/mypkg' returned '0': PYTHONPATH=/home/tsubo/robosys2023_ROS2/build/mypkg/prefix_override:/home/tsubo/robosys2023_ROS2/install/mypkg/lib/python3.8/site-packages:${PYTHONPATH} /usr/bin/python3 setup.py egg_info --egg-base ../../build/mypkg build --build-base /home/tsubo/robosys2023_ROS2/build/mypkg/build install --record /home/tsubo/robosys2023_ROS2/build/mypkg/install.log --install-scripts $base/lib/mypkg --single-version-externally-managed
