[0.571s] Invoking command in '/home/tsubo/robosys2023_ROS2/mypkg': PYTHONPATH=/home/tsubo/robosys2023_ROS2/build/mypkg/prefix_override:/home/tsubo/robosys2023_ROS2/install/mypkg/lib/python3.8/site-packages:${PYTHONPATH} /usr/bin/python3 setup.py egg_info --egg-base ../build/mypkg build --build-base /home/tsubo/robosys2023_ROS2/build/mypkg/build install --record /home/tsubo/robosys2023_ROS2/build/mypkg/install.log --install-scripts $base/lib/mypkg --single-version-externally-managed
[0.673s] running egg_info
[0.673s] creating ../build/mypkg/mypkg.egg-info
[0.673s] writing ../build/mypkg/mypkg.egg-info/PKG-INFO
[0.674s] writing dependency_links to ../build/mypkg/mypkg.egg-info/dependency_links.txt
[0.674s] writing entry points to ../build/mypkg/mypkg.egg-info/entry_points.txt
[0.674s] writing requirements to ../build/mypkg/mypkg.egg-info/requires.txt
[0.674s] writing top-level names to ../build/mypkg/mypkg.egg-info/top_level.txt
[0.674s] writing manifest file '../build/mypkg/mypkg.egg-info/SOURCES.txt'
[0.692s] reading manifest file '../build/mypkg/mypkg.egg-info/SOURCES.txt'
[0.693s] writing manifest file '../build/mypkg/mypkg.egg-info/SOURCES.txt'
[0.693s] running build
[0.693s] running build_py
[0.693s] creating /home/tsubo/robosys2023_ROS2/build/mypkg/build
[0.693s] creating /home/tsubo/robosys2023_ROS2/build/mypkg/build/lib
[0.693s] creating /home/tsubo/robosys2023_ROS2/build/mypkg/build/lib/mypkg
[0.693s] copying mypkg/talker.py -> /home/tsubo/robosys2023_ROS2/build/mypkg/build/lib/mypkg
[0.693s] copying mypkg/listener.py -> /home/tsubo/robosys2023_ROS2/build/mypkg/build/lib/mypkg
[0.693s] copying mypkg/__init__.py -> /home/tsubo/robosys2023_ROS2/build/mypkg/build/lib/mypkg
[0.694s] running install
[0.694s] running install_lib
[0.694s] creating /home/tsubo/robosys2023_ROS2/install/mypkg/lib/python3.8/site-packages/mypkg
[0.695s] copying /home/tsubo/robosys2023_ROS2/build/mypkg/build/lib/mypkg/talker.py -> /home/tsubo/robosys2023_ROS2/install/mypkg/lib/python3.8/site-packages/mypkg
[0.695s] copying /home/tsubo/robosys2023_ROS2/build/mypkg/build/lib/mypkg/listener.py -> /home/tsubo/robosys2023_ROS2/install/mypkg/lib/python3.8/site-packages/mypkg
[0.695s] copying /home/tsubo/robosys2023_ROS2/build/mypkg/build/lib/mypkg/__init__.py -> /home/tsubo/robosys2023_ROS2/install/mypkg/lib/python3.8/site-packages/mypkg
[0.695s] byte-compiling /home/tsubo/robosys2023_ROS2/install/mypkg/lib/python3.8/site-packages/mypkg/talker.py to talker.cpython-38.pyc
[0.696s] byte-compiling /home/tsubo/robosys2023_ROS2/install/mypkg/lib/python3.8/site-packages/mypkg/listener.py to listener.cpython-38.pyc
[0.696s] byte-compiling /home/tsubo/robosys2023_ROS2/install/mypkg/lib/python3.8/site-packages/mypkg/__init__.py to __init__.cpython-38.pyc
[0.696s] running install_data
[0.696s] creating /home/tsubo/robosys2023_ROS2/install/mypkg/share/ament_index
[0.696s] creating /home/tsubo/robosys2023_ROS2/install/mypkg/share/ament_index/resource_index
[0.697s] creating /home/tsubo/robosys2023_ROS2/install/mypkg/share/ament_index/resource_index/packages
[0.697s] copying resource/mypkg -> /home/tsubo/robosys2023_ROS2/install/mypkg/share/ament_index/resource_index/packages
[0.697s] copying package.xml -> /home/tsubo/robosys2023_ROS2/install/mypkg/share/mypkg
[0.697s] running install_egg_info
[0.698s] Copying ../build/mypkg/mypkg.egg-info to /home/tsubo/robosys2023_ROS2/install/mypkg/lib/python3.8/site-packages/mypkg-0.0.0-py3.8.egg-info
[0.698s] running install_scripts
[0.708s] Installing listener script to /home/tsubo/robosys2023_ROS2/install/mypkg/lib/mypkg
[0.708s] Installing talker script to /home/tsubo/robosys2023_ROS2/install/mypkg/lib/mypkg
[0.708s] writing list of installed files to '/home/tsubo/robosys2023_ROS2/build/mypkg/install.log'
[0.721s] Invoked command in '/home/tsubo/robosys2023_ROS2/mypkg' returned '0': PYTHONPATH=/home/tsubo/robosys2023_ROS2/build/mypkg/prefix_override:/home/tsubo/robosys2023_ROS2/install/mypkg/lib/python3.8/site-packages:${PYTHONPATH} /usr/bin/python3 setup.py egg_info --egg-base ../build/mypkg build --build-base /home/tsubo/robosys2023_ROS2/build/mypkg/build install --record /home/tsubo/robosys2023_ROS2/build/mypkg/install.log --install-scripts $base/lib/mypkg --single-version-externally-managed
