[0.721s] Invoking command in '/home/tsubo/robosys2023_ROS2/mypkg': PYTHONPATH=/home/tsubo/robosys2023_ROS2/build/mypkg/prefix_override:/home/tsubo/robosys2023_ROS2/install/mypkg/lib/python3.8/site-packages:${PYTHONPATH} /usr/bin/python3 setup.py egg_info --egg-base ../build/mypkg build --build-base /home/tsubo/robosys2023_ROS2/build/mypkg/build install --record /home/tsubo/robosys2023_ROS2/build/mypkg/install.log --install-scripts $base/lib/mypkg --single-version-externally-managed
[0.854s] running egg_info
[0.854s] writing ../build/mypkg/mypkg.egg-info/PKG-INFO
[0.854s] writing dependency_links to ../build/mypkg/mypkg.egg-info/dependency_links.txt
[0.854s] writing entry points to ../build/mypkg/mypkg.egg-info/entry_points.txt
[0.855s] writing requirements to ../build/mypkg/mypkg.egg-info/requires.txt
[0.855s] writing top-level names to ../build/mypkg/mypkg.egg-info/top_level.txt
[0.877s] reading manifest file '../build/mypkg/mypkg.egg-info/SOURCES.txt'
[0.878s] writing manifest file '../build/mypkg/mypkg.egg-info/SOURCES.txt'
[0.878s] running build
[0.878s] running build_py
[0.878s] running install
[0.879s] running install_lib
[0.880s] running install_data
[0.880s] copying launch/talk_listen.launch.py -> /home/tsubo/robosys2023_ROS2/install/mypkg/share/mypkg
[0.881s] running install_egg_info
[0.882s] removing '/home/tsubo/robosys2023_ROS2/install/mypkg/lib/python3.8/site-packages/mypkg-0.0.0-py3.8.egg-info' (and everything under it)
[0.882s] Copying ../build/mypkg/mypkg.egg-info to /home/tsubo/robosys2023_ROS2/install/mypkg/lib/python3.8/site-packages/mypkg-0.0.0-py3.8.egg-info
[0.883s] running install_scripts
[0.895s] Installing listener script to /home/tsubo/robosys2023_ROS2/install/mypkg/lib/mypkg
[0.895s] Installing talker script to /home/tsubo/robosys2023_ROS2/install/mypkg/lib/mypkg
[0.895s] writing list of installed files to '/home/tsubo/robosys2023_ROS2/build/mypkg/install.log'
[0.909s] Invoked command in '/home/tsubo/robosys2023_ROS2/mypkg' returned '0': PYTHONPATH=/home/tsubo/robosys2023_ROS2/build/mypkg/prefix_override:/home/tsubo/robosys2023_ROS2/install/mypkg/lib/python3.8/site-packages:${PYTHONPATH} /usr/bin/python3 setup.py egg_info --egg-base ../build/mypkg build --build-base /home/tsubo/robosys2023_ROS2/build/mypkg/build install --record /home/tsubo/robosys2023_ROS2/build/mypkg/install.log --install-scripts $base/lib/mypkg --single-version-externally-managed
