[0.757s] Invoking command in '/home/tsubo/robosys2023_ROS2/src/mypkg': PYTHONPATH=/home/tsubo/robosys2023_ROS2/build/mypkg/prefix_override:/home/tsubo/robosys2023_ROS2/install/mypkg/lib/python3.8/site-packages:${PYTHONPATH} /usr/bin/python3 setup.py egg_info --egg-base ../../build/mypkg build --build-base /home/tsubo/robosys2023_ROS2/build/mypkg/build install --record /home/tsubo/robosys2023_ROS2/build/mypkg/install.log --install-scripts $base/lib/mypkg --single-version-externally-managed
[0.890s] running egg_info
[0.890s] writing ../../build/mypkg/mypkg.egg-info/PKG-INFO
[0.891s] writing dependency_links to ../../build/mypkg/mypkg.egg-info/dependency_links.txt
[0.891s] writing entry points to ../../build/mypkg/mypkg.egg-info/entry_points.txt
[0.891s] writing requirements to ../../build/mypkg/mypkg.egg-info/requires.txt
[0.891s] writing top-level names to ../../build/mypkg/mypkg.egg-info/top_level.txt
[0.915s] reading manifest file '../../build/mypkg/mypkg.egg-info/SOURCES.txt'
[0.915s] writing manifest file '../../build/mypkg/mypkg.egg-info/SOURCES.txt'
[0.915s] running build
[0.915s] running build_py
[0.916s] copying mypkg/talker.py -> /home/tsubo/robosys2023_ROS2/build/mypkg/build/lib/mypkg
[0.916s] copying mypkg/__init__.py -> /home/tsubo/robosys2023_ROS2/build/mypkg/build/lib/mypkg
[0.916s] running install
[0.916s] running install_lib
[0.917s] copying /home/tsubo/robosys2023_ROS2/build/mypkg/build/lib/mypkg/talker.py -> /home/tsubo/robosys2023_ROS2/install/mypkg/lib/python3.8/site-packages/mypkg
[0.917s] copying /home/tsubo/robosys2023_ROS2/build/mypkg/build/lib/mypkg/__init__.py -> /home/tsubo/robosys2023_ROS2/install/mypkg/lib/python3.8/site-packages/mypkg
[0.917s] byte-compiling /home/tsubo/robosys2023_ROS2/install/mypkg/lib/python3.8/site-packages/mypkg/talker.py to talker.cpython-38.pyc
[0.919s] byte-compiling /home/tsubo/robosys2023_ROS2/install/mypkg/lib/python3.8/site-packages/mypkg/__init__.py to __init__.cpython-38.pyc
[0.919s] running install_data
[0.919s] running install_egg_info
[0.921s] removing '/home/tsubo/robosys2023_ROS2/install/mypkg/lib/python3.8/site-packages/mypkg-0.0.0-py3.8.egg-info' (and everything under it)
[0.921s] Copying ../../build/mypkg/mypkg.egg-info to /home/tsubo/robosys2023_ROS2/install/mypkg/lib/python3.8/site-packages/mypkg-0.0.0-py3.8.egg-info
[0.921s] running install_scripts
[0.934s] Installing listener script to /home/tsubo/robosys2023_ROS2/install/mypkg/lib/mypkg
[0.934s] Installing talker script to /home/tsubo/robosys2023_ROS2/install/mypkg/lib/mypkg
[0.934s] writing list of installed files to '/home/tsubo/robosys2023_ROS2/build/mypkg/install.log'
[0.952s] Invoked command in '/home/tsubo/robosys2023_ROS2/src/mypkg' returned '0': PYTHONPATH=/home/tsubo/robosys2023_ROS2/build/mypkg/prefix_override:/home/tsubo/robosys2023_ROS2/install/mypkg/lib/python3.8/site-packages:${PYTHONPATH} /usr/bin/python3 setup.py egg_info --egg-base ../../build/mypkg build --build-base /home/tsubo/robosys2023_ROS2/build/mypkg/build install --record /home/tsubo/robosys2023_ROS2/build/mypkg/install.log --install-scripts $base/lib/mypkg --single-version-externally-managed
