[0.506s] Invoking command in '/home/tsubo/robosys2023_ROS2': PYTHONPATH=/home/tsubo/robosys2023_ROS2/build/mypkg/prefix_override:/home/tsubo/robosys2023_ROS2/install/mypkg/lib/python3.8/site-packages:${PYTHONPATH} /usr/bin/python3 setup.py egg_info --egg-base build/mypkg build --build-base /home/tsubo/robosys2023_ROS2/build/mypkg/build install --record /home/tsubo/robosys2023_ROS2/build/mypkg/install.log --install-scripts $base/lib/mypkg --single-version-externally-managed
[0.616s] running egg_info
[0.616s] creating build/mypkg/mypkg.egg-info
[0.617s] writing build/mypkg/mypkg.egg-info/PKG-INFO
[0.617s] writing dependency_links to build/mypkg/mypkg.egg-info/dependency_links.txt
[0.617s] writing entry points to build/mypkg/mypkg.egg-info/entry_points.txt
[0.617s] writing requirements to build/mypkg/mypkg.egg-info/requires.txt
[0.617s] writing top-level names to build/mypkg/mypkg.egg-info/top_level.txt
[0.618s] writing manifest file 'build/mypkg/mypkg.egg-info/SOURCES.txt'
[0.637s] package init file 'mypkg/__init__.py' not found (or not a regular file)
[0.637s] reading manifest file 'build/mypkg/mypkg.egg-info/SOURCES.txt'
[0.638s] writing manifest file 'build/mypkg/mypkg.egg-info/SOURCES.txt'
[0.638s] running build
[0.638s] running build_py
[0.638s] creating /home/tsubo/robosys2023_ROS2/build/mypkg/build
[0.638s] creating /home/tsubo/robosys2023_ROS2/build/mypkg/build/lib
[0.638s] creating /home/tsubo/robosys2023_ROS2/build/mypkg/build/lib/mypkg
[0.638s] copying mypkg/talker.py -> /home/tsubo/robosys2023_ROS2/build/mypkg/build/lib/mypkg
[0.638s] copying mypkg/listener.py -> /home/tsubo/robosys2023_ROS2/build/mypkg/build/lib/mypkg
[0.638s] running install
[0.639s] running install_lib
[0.640s] creating /home/tsubo/robosys2023_ROS2/install/mypkg/lib/python3.8/site-packages/mypkg
[0.640s] copying /home/tsubo/robosys2023_ROS2/build/mypkg/build/lib/mypkg/talker.py -> /home/tsubo/robosys2023_ROS2/install/mypkg/lib/python3.8/site-packages/mypkg
[0.640s] copying /home/tsubo/robosys2023_ROS2/build/mypkg/build/lib/mypkg/listener.py -> /home/tsubo/robosys2023_ROS2/install/mypkg/lib/python3.8/site-packages/mypkg
[0.640s] byte-compiling /home/tsubo/robosys2023_ROS2/install/mypkg/lib/python3.8/site-packages/mypkg/talker.py to talker.cpython-38.pyc
[0.641s] byte-compiling /home/tsubo/robosys2023_ROS2/install/mypkg/lib/python3.8/site-packages/mypkg/listener.py to listener.cpython-38.pyc
[0.642s] running install_data
[0.642s] creating /home/tsubo/robosys2023_ROS2/install/mypkg/share
[0.642s] creating /home/tsubo/robosys2023_ROS2/install/mypkg/share/ament_index
[0.642s] creating /home/tsubo/robosys2023_ROS2/install/mypkg/share/ament_index/resource_index
[0.642s] creating /home/tsubo/robosys2023_ROS2/install/mypkg/share/ament_index/resource_index/packages
[0.642s] copying resource/mypkg -> /home/tsubo/robosys2023_ROS2/install/mypkg/share/ament_index/resource_index/packages
[0.643s] creating /home/tsubo/robosys2023_ROS2/install/mypkg/share/mypkg
[0.643s] copying package.xml -> /home/tsubo/robosys2023_ROS2/install/mypkg/share/mypkg
[0.643s] copying launch/talk_listen.launch.py -> /home/tsubo/robosys2023_ROS2/install/mypkg/share/mypkg
[0.643s] running install_egg_info
[0.644s] Copying build/mypkg/mypkg.egg-info to /home/tsubo/robosys2023_ROS2/install/mypkg/lib/python3.8/site-packages/mypkg-0.0.0-py3.8.egg-info
[0.645s] running install_scripts
[0.655s] Installing listener script to /home/tsubo/robosys2023_ROS2/install/mypkg/lib/mypkg
[0.655s] Installing talker script to /home/tsubo/robosys2023_ROS2/install/mypkg/lib/mypkg
[0.655s] writing list of installed files to '/home/tsubo/robosys2023_ROS2/build/mypkg/install.log'
[0.670s] Invoked command in '/home/tsubo/robosys2023_ROS2' returned '0': PYTHONPATH=/home/tsubo/robosys2023_ROS2/build/mypkg/prefix_override:/home/tsubo/robosys2023_ROS2/install/mypkg/lib/python3.8/site-packages:${PYTHONPATH} /usr/bin/python3 setup.py egg_info --egg-base build/mypkg build --build-base /home/tsubo/robosys2023_ROS2/build/mypkg/build install --record /home/tsubo/robosys2023_ROS2/build/mypkg/install.log --install-scripts $base/lib/mypkg --single-version-externally-managed
